生成启动时间为 2017/4/20 15:01:06。
     1>项目“E:\Object\STOPCServer\STOPCServer\STOPCServer.vcxproj”在节点 2 上(Build 个目标)。
     1>ClCompile:
         C:\Program Files (x86)\Microsoft Visual Studio 14.0\VC\bin\CL.exe /c /Zi /nologo /W3 /WX- /sdl- /O2 /Oi /Oy- /GL /D WIN32 /D NDEBUG /D _WINDOWS /D _USRDLL /D STOPCSERVER_EXPORTS /D _WINDLL /D _AFXDLL /Gm- /EHsc /MD /GS /Gy /fp:precise /Zc:wchar_t /Zc:forScope /Zc:inline /Yc"stdafx.h" /Fp"Release\STOPCServer.pch" /Fo"Release\\" /Fd"Release\vc140.pdb" /Gd /TP /analyze- /errorReport:prompt stdafx.cpp
         stdafx.cpp
         C:\Program Files (x86)\Microsoft Visual Studio 14.0\VC\bin\CL.exe /c /Zi /nologo /W3 /WX- /sdl- /O2 /Oi /Oy- /GL /D WIN32 /D NDEBUG /D _WINDOWS /D _USRDLL /D STOPCSERVER_EXPORTS /D _WINDLL /D _AFXDLL /Gm- /EHsc /MD /GS /Gy /fp:precise /Zc:wchar_t /Zc:forScope /Zc:inline /Fo"Release\\" /Fd"Release\vc140.pdb" /Gd /TP /analyze- /errorReport:prompt dllmain.cpp
         dllmain.cpp
         C:\Program Files (x86)\Microsoft Visual Studio 14.0\VC\bin\CL.exe /c /Zi /nologo /W3 /WX- /sdl- /O2 /Oi /Oy- /GL /D WIN32 /D NDEBUG /D _WINDOWS /D _USRDLL /D STOPCSERVER_EXPORTS /D _WINDLL /D _AFXDLL /Gm- /EHsc /MD /GS /Gy /fp:precise /Zc:wchar_t /Zc:forScope /Zc:inline /Yu"stdafx.h" /Fp"Release\STOPCServer.pch" /Fo"Release\\" /Fd"Release\vc140.pdb" /Gd /TP /analyze- /errorReport:prompt DLLMODUL.cpp STOPCServer.cpp
         DLLMODUL.cpp
         STOPCServer.cpp
     1>STOPCServer.cpp(495): warning C4477: 'printf' : format string '%u' requires an argument of type 'unsigned int', but variadic argument 1 has type 'jlong'
         STOPCServer.cpp(495): note: consider using '%llu' in the format string
         STOPCServer.cpp(495): note: consider using '%I64u' in the format string
     1>STOPCServer.cpp(508): warning C4477: 'printf' : format string '%u' requires an argument of type 'unsigned int', but variadic argument 1 has type 'jlong'
         STOPCServer.cpp(508): note: consider using '%llu' in the format string
         STOPCServer.cpp(508): note: consider using '%I64u' in the format string
     1>STOPCServer.cpp(521): warning C4477: 'printf' : format string '%u' requires an argument of type 'unsigned int', but variadic argument 1 has type 'jlong'
         STOPCServer.cpp(521): note: consider using '%llu' in the format string
         STOPCServer.cpp(521): note: consider using '%I64u' in the format string
     1>STOPCServer.cpp(535): warning C4477: 'printf' : format string '%u' requires an argument of type 'unsigned int', but variadic argument 1 has type 'jlong'
         STOPCServer.cpp(535): note: consider using '%llu' in the format string
         STOPCServer.cpp(535): note: consider using '%I64u' in the format string
     1>STOPCServer.cpp(544): warning C4477: 'printf' : format string '%u' requires an argument of type 'unsigned int', but variadic argument 1 has type 'jlong'
         STOPCServer.cpp(544): note: consider using '%llu' in the format string
         STOPCServer.cpp(544): note: consider using '%I64u' in the format string
       Link:
         C:\Program Files (x86)\Microsoft Visual Studio 14.0\VC\bin\link.exe /ERRORREPORT:PROMPT /OUT:"E:\Object\STOPCServer\Release\STOPCServer.dll" /INCREMENTAL:NO /NOLOGO /LIBPATH:D:\Object\STOPCServer\STOPCServer kernel32.lib user32.lib gdi32.lib winspool.lib comdlg32.lib advapi32.lib shell32.lib ole32.lib oleaut32.lib uuid.lib odbc32.lib odbccp32.lib WTOPCsvr.lib comsuppw.lib /MANIFEST /MANIFESTUAC:"level='asInvoker' uiAccess='false'" /manifest:embed /manifestinput:"C:\Program Files (x86)\Microsoft Visual Studio 14.0\VC\Include\Manifest\dpiaware.manifest" /Debug /PDB:"E:\Object\STOPCServer\Release\STOPCServer.pdb" /SUBSYSTEM:WINDOWS /OPT:REF /OPT:ICF /LTCG:incremental /TLBID:1 /DYNAMICBASE /NXCOMPAT /IMPLIB:"E:\Object\STOPCServer\Release\STOPCServer.lib" /MACHINE:X86 /SAFESEH /DLL Release\dllmain.obj
         Release\DLLMODUL.obj
         Release\stdafx.obj
         Release\STOPCServer.obj
           正在创建库 E:\Object\STOPCServer\Release\STOPCServer.lib 和对象 E:\Object\STOPCServer\Release\STOPCServer.exp
     1>LINK : warning LNK4098: 默认库“libcmt.lib”与其他库的使用冲突；请使用 /NODEFAULTLIB:library
         正在生成代码
     1>e:\object\stopcserver\stopcserver\stopcserver.cpp(202): warning C4700: 使用了未初始化的局部变量“Propertyid”
         189 of 193 functions (97.9%) were compiled, the rest were copied from previous compilation.
           23 functions were new in current compilation
           0 functions had inline decision re-evaluated but remain unchanged
         已完成代码的生成
         STOPCServer.vcxproj -> E:\Object\STOPCServer\Release\STOPCServer.dll
     1>已完成生成项目“E:\Object\STOPCServer\STOPCServer\STOPCServer.vcxproj”(Build 个目标)的操作。

已成功生成。

已用时间 00:00:05.47
